<?xml version="1.0"?>
<methodCall>
  <methodName>wp.newPost</methodName>
  <params>
    <param><value><int>1</int></value></param>
    <param><value><string>entamade</string></value></param>
    <param><value><string>8fFf Ys5r dPUp TDPp 8oqg JWQy</string></value></param>
    <param>
      <value>
        <struct>
          <member>
            <name>post_type</name>
            <value><string>post</string></value>
          </member>
          <member>
            <name>post_status</name>
            <value><string>draft</string></value>
          </member>
          <member>
            <name>post_title</name>
            <value><string>XML-RPC Test Post</string></value>
          </member>
          <member>
            <name>post_content</name>
            <value><string>This is a test post via XML-RPC.</string></value>
          </member>
        </struct>
      </value>
    </param>
  </params>
</methodCall>
